Diagnose log at 2025-09-27T03:53:55Z

AppPath: C:\Program Files\Git\mingw64\bin\git-credential-manager.exe
InstallDir: C:\Program Files\Git\mingw64\bin\
Version: 2.6.1+786ab03440ddc82e807a97c0e540f5247e44cec6

------------
Diagnostic: Environment
Skipped: False
Success: True
Exception: None
Log:
OSType: Windows
OSVersion: 10.0 (build 26100)
Reading environment variables... OK
 Variables:
HOMEPATH=\Users\mlm36
DriverData=C:\Windows\System32\Drivers\DriverData
COMPUTERNAME=DESKTOP-MMNCB0O
GIT_TRACE2_PARENT_SID=f0499902-366f-47f2-807e-b57ae99083ce
CommonProgramFiles(x86)=C:\Program Files (x86)\Common Files
OneDrive=C:\Users\mlm36\OneDrive
WT_PROFILE_ID={61c54bbd-c2c6-5271-96e7-009a87ff44bf}
EnableLog=INFO
GIT_INSTALL_ROOT=C:\Users\mlm36\scoop\apps\git\current
TMP=C:\Users\mlm36\AppData\Local\Temp
PROCESSOR_REVISION=2102
PATHEXT=.COM;.EXE;.BAT;.CMD;.VBS;.VBE;.JS;.JSE;.WSF;.WSH;.MSC;.CPL
POWERSHELL_DISTRIBUTION_CHANNEL=MSI:Windows 10 Home
TEMP=C:\Users\mlm36\AppData\Local\Temp
LOCALAPPDATA=C:\Users\mlm36\AppData\Local
MSYSTEM=MINGW64
TERM=xterm-256color
PROG40F0451B051=1
PROCESSOR_IDENTIFIER=AMD64 Family 25 Model 33 Stepping 2, AuthenticAMD
__PSLockDownPolicy=0
COLORTERM=truecolor
USERDOMAIN=DESKTOP-MMNCB0O
ProgramFiles(x86)=C:\Program Files (x86)
Path=C:/Program Files/Git/mingw64/libexec/git-core;C:\Program Files\Git\mingw64\bin;C:\Program Files\Git\usr\bin;C:\Users\mlm36\bin;C:\Program Files (x86)\Common Files\Oracle\Java\java8path;C:\Program Files (x86)\Common Files\Oracle\Java\javapath;C:\Windows\system32;C:\Windows;C:\Windows\System32\Wbem;C:\Windows\System32\WindowsPowerShell\v1.0\;C:\Windows\System32\OpenSSH\;C:\Program Files\dotnet\;D:\GOG Galaxy\Games\QT\QTSystem;C:\WINDOWS\system32;C:\WINDOWS;C:\WINDOWS\System32\Wbem;C:\WINDOWS\System32\WindowsPowerShell\v1.0\;C:\WINDOWS\System32\OpenSSH\;C:\Program Files (x86)\NVIDIA Corporation\PhysX\Common;C:\Program Files\Calibre2\;C:\Program Files\NVIDIA Corporation\NVIDIA app\NvDLISR;C:\Program Files\PuTTY\;C:\zola;D:\GOG Galaxy\Games\QT\QTSystem\;C:\Program Files\Git\cmd;C:\Program Files\PowerShell\7\;C:\Users\mlm36\AppData\Local\UniGetUI\Chocolatey\bin;C:\Users\mlm36\AppData\Local\Programs\WingetUI\choco-cli\bin;C:\Users\mlm36\scoop\shims;C:\Users\mlm36\AppData\Local\Microsoft\WindowsApps;C:\Users\mlm36\AppData\Local\Microsoft\WinGet\Packages\Hugo.Hugo.Extended_Microsoft.Winget.Source_8wekyb3d8bbwe;C:\Users\mlm36\AppData\Local\Microsoft\WindowsApps;C:\Users\mlm36\AppData\Local\Microsoft\WinGet\Links;C:\Users\mlm36\AppData\Local\Programs\Windsurf\bin;
chocolateyinstall=C:\Users\mlm36\AppData\Local\UniGetUI\Chocolatey
PROCESSOR_LEVEL=25
NUMBER_OF_PROCESSORS=24
TMPDIR=C:\Users\mlm36\AppData\Local\Temp
PSModulePath=C:\Users\mlm36\OneDrive\Documents\WindowsPowerShell\Modules;C:\Program Files\WindowsPowerShell\Modules;C:\WINDOWS\system32\WindowsPowerShell\v1.0\Modules
PUBLIC=C:\Users\Public
SESSIONNAME=Console
CommonProgramFiles=C:\Program Files (x86)\Common Files
WT_SESSION=0c46ebf3-3953-4ba5-bd34-e023464ee6fd
WSLENV=WT_SESSION:WT_PROFILE_ID:
USERPROFILE=C:\Users\mlm36
PLINK_PROTOCOL=ssh
ProgramData=C:\ProgramData
ProgramW6432=C:\Program Files
ACSvcPort=17532
ProgramFiles=C:\Program Files (x86)
RlsSvcPort=22112
SystemRoot=C:\WINDOWS
HOME=C:\Users\mlm36
LC_CTYPE=C.UTF-8
CommonProgramW6432=C:\Program Files\Common Files
LOGONSERVER=\\DESKTOP-MMNCB0O
GIT_EXEC_PATH=C:/Program Files/Git/mingw64/libexec/git-core
USERDOMAIN_ROAMINGPROFILE=DESKTOP-MMNCB0O
APPDATA=C:\Users\mlm36\AppData\Roaming
HOMEDRIVE=C:
ACSetupSvcPort=23210
USERNAME=mlm36
PROCESSOR_ARCHITEW6432=AMD64
PROCESSOR_ARCHITECTURE=x86
OS=Windows_NT
ComSpec=C:\WINDOWS\system32\cmd.exe
SystemDrive=C:
windir=C:\WINDOWS
OneDriveConsumer=C:\Users\mlm36\OneDrive
ALLUSERSPROFILE=C:\ProgramData


------------
Diagnostic: File system
Skipped: False
Success: True
Exception: None
Log:
Temporary directory is 'C:\Users\mlm36\AppData\Local\Temp\'...
Checking basic file I/O...
Writing to temporary file 'C:\Users\mlm36\AppData\Local\Temp\f6874489ae88a896cee51263'... OK
Reading from temporary file 'C:\Users\mlm36\AppData\Local\Temp\f6874489ae88a896cee51263'... OK
Deleting temporary file 'C:\Users\mlm36\AppData\Local\Temp\f6874489ae88a896cee51263'... OK
Testing IFileSystem instance...
UserHomePath: C:\Users\mlm36
UserDataDirectoryPath: C:\Users\mlm36\.gcm
GetCurrentDirectory(): C:\Users\mlm36\documents\michaels-journal

------------
Diagnostic: Networking
Skipped: False
Success: True
Exception: None
Log:
Checking networking and HTTP stack...
Creating HTTP client... OK
IsNetworkAvailable: True
Sending HEAD request to http://example.com...Sending HEAD request to https://example.com... OK
 OK
Acquiring free TCP port... OK
Testing local HTTP loopback connections...
Creating new HTTP listener for http://localhost:51567/... OK
Waiting for loopback connection... OK
Writing response... OK
Waiting for response data... OK
Loopback connection data OK

------------
Diagnostic: Git
Skipped: False
Success: True
Exception: None
Log:
Getting Git version... OK
Git version is '2.51.0.windows.1'
Locating current repository...Git repository at 'C:/Users/mlm36/Documents/michaels-journal/.git'
 OK
Listing all Git configuration... OK
Git configuration:
file:C:/Program Files/Git/etc/gitconfig	diff.astextplain.textconv=astextplain
file:C:/Program Files/Git/etc/gitconfig	filter.lfs.clean=git-lfs clean -- %f
file:C:/Program Files/Git/etc/gitconfig	filter.lfs.smudge=git-lfs smudge -- %f
file:C:/Program Files/Git/etc/gitconfig	filter.lfs.process=git-lfs filter-process
file:C:/Program Files/Git/etc/gitconfig	filter.lfs.required=true
file:C:/Program Files/Git/etc/gitconfig	http.sslbackend=openssl
file:C:/Program Files/Git/etc/gitconfig	http.sslcainfo=C:/Program Files/Git/mingw64/etc/ssl/certs/ca-bundle.crt
file:C:/Program Files/Git/etc/gitconfig	core.autocrlf=true
file:C:/Program Files/Git/etc/gitconfig	core.fscache=true
file:C:/Program Files/Git/etc/gitconfig	core.symlinks=false
file:C:/Program Files/Git/etc/gitconfig	pull.rebase=false
file:C:/Program Files/Git/etc/gitconfig	credential.helper=manager
file:C:/Program Files/Git/etc/gitconfig	credential.https://dev.azure.com.usehttppath=true
file:C:/Program Files/Git/etc/gitconfig	init.defaultbranch=master
file:C:/Users/mlm36/.gitconfig	user.name=mlm361
file:C:/Users/mlm36/.gitconfig	user.email=mlm361@hotmail.com
file:C:/Users/mlm36/.gitconfig	credential.helper=manager
file:.git/config	core.repositoryformatversion=0
file:.git/config	core.filemode=false
file:.git/config	core.bare=false
file:.git/config	core.logallrefupdates=true
file:.git/config	core.symlinks=false
file:.git/config	core.ignorecase=true
file:.git/config	remote.origin.url=https://github.com/mlm361/michaels-journal.git
file:.git/config	remote.origin.fetch=+refs/heads/*:refs/remotes/origin/*
file:.git/config	branch.master.remote=origin
file:.git/config	branch.master.merge=refs/heads/master


------------
Diagnostic: Credential storage
Skipped: False
Success: True
Exception: None
Log:
ICredentialStore instance is of type: CredentialStore
Writing test credential... OK
Reading test credential... OK
Deleting test credential... OK

------------
Diagnostic: Microsoft authentication (AAD/MSA)
Skipped: False
Success: True
Exception: None
Log:
Broker is not enabled.
Flow type is: Auto
Gathering MSAL token cache data... OK
CacheDirectory: C:\Users\mlm36\AppData\Local\.IdentityService
CacheFileName: msal.cache
CacheFilePath: C:\Users\mlm36\AppData\Local\.IdentityService\msal.cache
Creating cache helper... OK
Verifying MSAL token cache persistence... OK

------------
Diagnostic: GitHub API
Skipped: False
Success: True
Exception: None
Log:
Using 'https://github.com/' as API target.
Querying '/meta' endpoint... OK

